[debug] [2022-03-28T15:32:10.174Z] ----------------------------------------------------------------------
[debug] [2022-03-28T15:32:10.176Z] Command:       /usr/local/bin/node /usr/local/bin/firebase init
[debug] [2022-03-28T15:32:10.176Z] CLI Version:   10.5.0
[debug] [2022-03-28T15:32:10.177Z] Platform:      linux
[debug] [2022-03-28T15:32:10.177Z] Node Version:  v16.14.2
[debug] [2022-03-28T15:32:10.177Z] Time:          Mon Mar 28 2022 21:17:10 GMT+0545 (Nepal Time)
[debug] [2022-03-28T15:32:10.177Z] ----------------------------------------------------------------------
[debug] 
[debug] [2022-03-28T15:32:10.184Z] > command requires scopes: ["email","openid","https://www.googleapis.com/auth/cloudplatformprojects.readonly","https://www.googleapis.com/auth/firebase","https://www.googleapis.com/auth/cloud-platform"]
[debug] [2022-03-28T15:32:10.184Z] > authorizing via signed-in user (anjaangaire@gmail.com)
[info] 
     ######## #### ########  ######## ########     ###     ######  ########
     ##        ##  ##     ## ##       ##     ##  ##   ##  ##       ##
     ######    ##  ########  ######   ########  #########  ######  ######
     ##        ##  ##    ##  ##       ##     ## ##     ##       ## ##
     ##       #### ##     ## ######## ########  ##     ##  ######  ########

You're about to initialize a Firebase project in this directory:

  /home/anjaan/project/react/netflix-clone

[info] 
=== Project Setup
[info] 
[info] First, let's associate this project directory with a Firebase project.
[info] You can create multiple project aliases by running firebase use --add, 
[info] but for now we'll just set up a default project.
[info] 
[debug] [2022-03-28T15:32:22.125Z] >>> [apiv2][query] GET https://firebase.googleapis.com/v1beta1/projects pageSize=100
[debug] [2022-03-28T15:32:23.002Z] <<< [apiv2][status] GET https://firebase.googleapis.com/v1beta1/projects 200
[debug] [2022-03-28T15:32:23.003Z] <<< [apiv2][body] GET https://firebase.googleapis.com/v1beta1/projects [omitted]
[info] i  Using project movies-sansar-d4aad (Movies-Sansar) 
[info] 
=== Hosting Setup
[info] 
[info] Your public directory is the folder (relative to your project directory) that
[info] will contain Hosting assets to be uploaded with firebase deploy. If you
[info] have a build process for your assets, use your build's output directory.
[info] 
[debug] [2022-03-28T15:33:11.415Z] >>> [apiv2][query] GET https://www.gstatic.com/firebasejs/releases.json [none]
[debug] [2022-03-28T15:33:11.666Z] <<< [apiv2][status] GET https://www.gstatic.com/firebasejs/releases.json 200
[debug] [2022-03-28T15:33:11.667Z] <<< [apiv2][body] GET https://www.gstatic.com/firebasejs/releases.json {"current":{"version":"9.6.10","browserURL":"https://www.gstatic.com/firebasejs/9.6.10/firebase.js","packageURL":"https://www.gstatic.com/firebasejs/9.6.10/firebase.tgz"},"live":{"version":"9.6","browserURL":"https://www.gstatic.com/firebasejs/live/9.6/firebase.js","packageURL":"https://www.gstatic.com/firebasejs/live/9.6/firebase.tgz"},"components":{"analytics":"https://www.gstatic.com/firebasejs/9.6.10/firebase-analytics.js","app":"https://www.gstatic.com/firebasejs/9.6.10/firebase-app.js","app-check":"https://www.gstatic.com/firebasejs/9.6.10/firebase-app-check.js","auth":"https://www.gstatic.com/firebasejs/9.6.10/firebase-auth.js","auth/cordova":"https://www.gstatic.com/firebasejs/9.6.10/firebase-auth/cordova.js","auth/react-native":"https://www.gstatic.com/firebasejs/9.6.10/firebase-auth/react-native.js","functions":"https://www.gstatic.com/firebasejs/9.6.10/firebase-functions.js","firestore":"https://www.gstatic.com/firebasejs/9.6.10/firebase-firestore.js","firestore/lite":"https://www.gstatic.com/firebasejs/9.6.10/firebase-firestore/lite.js","storage":"https://www.gstatic.com/firebasejs/9.6.10/firebase-storage.js","performance":"https://www.gstatic.com/firebasejs/9.6.10/firebase-performance.js","remote-config":"https://www.gstatic.com/firebasejs/9.6.10/firebase-remote-config.js","messaging":"https://www.gstatic.com/firebasejs/9.6.10/firebase-messaging.js","messaging/sw":"https://www.gstatic.com/firebasejs/9.6.10/firebase-messaging/sw.js","database":"https://www.gstatic.com/firebasejs/9.6.10/firebase-database.js","firestore.memory":"https://www.gstatic.com/firebasejs/9.6.10/firebase-firestore.memory.js"}}
[info] ✔  Wrote build/index.html 
[info] 
[info] i  Detected a .git folder at /home/anjaan/project/react/netflix-clone 
[info] i  Authorizing with GitHub to upload your service account to a GitHub repository's secrets store. 
[info] 
[info] Visit this URL on this device to log in:
[info] https://github.com/login/oauth/authorize?client_id=89cf50f02ac6aaed3484&state=84376735&redirect_uri=http%3A%2F%2Flocalhost%3A9005&scope=read%3Auser%20repo%20public_repo
[info] 
[info] Waiting for authentication...
[debug] [2022-03-28T15:33:21.288Z] >>> HTTP REQUEST POST https://github.com/login/oauth/access_token  
 {"client_id":"89cf50f02ac6aaed3484","client_secret":"3330d14abc895d9a74d5f17cd7a00711fa2c5bf0","code":"35d436dfaab06c1ef596","redirect_uri":"http://localhost:9005","state":"84376735"}
[debug] [2022-03-28T15:33:21.946Z] <<< HTTP RESPONSE 200 {"server":"GitHub.com","date":"Mon, 28 Mar 2022 15:33:22 GMT","content-type":"application/json; charset=utf-8","transfer-encoding":"chunked","vary":"X-PJAX, X-PJAX-Container, Accept-Encoding, Accept, X-Requested-With","permissions-policy":"interest-cohort=()","etag":"W/\"565b488ba422a855b6d16ecc2caec525\"","cache-control":"max-age=0, private, must-revalidate","strict-transport-security":"max-age=31536000; includeSubdomains; preload","x-frame-options":"deny","x-content-type-options":"nosniff","x-xss-protection":"0","referrer-policy":"origin-when-cross-origin, strict-origin-when-cross-origin","expect-ct":"max-age=2592000, report-uri=\"https://api.github.com/_private/browser/errors\"","content-security-policy":"default-src 'none'; base-uri 'self'; block-all-mixed-content; child-src github.com/assets-cdn/worker/ gist.github.com/assets-cdn/worker/; connect-src 'self' uploads.github.com objects-origin.githubusercontent.com www.githubstatus.com collector.githubapp.com collector.github.com api.github.com github-cloud.s3.amazonaws.com github-production-repository-file-5c1aeb.s3.amazonaws.com github-production-upload-manifest-file-7fdce7.s3.amazonaws.com github-production-user-asset-6210df.s3.amazonaws.com cdn.optimizely.com logx.optimizely.com/v1/events translator.github.com wss://alive.github.com; font-src github.githubassets.com; form-action 'self' github.com gist.github.com objects-origin.githubusercontent.com; frame-ancestors 'none'; frame-src render.githubusercontent.com viewscreen.githubusercontent.com notebooks.githubusercontent.com; img-src 'self' data: github.githubassets.com identicons.github.com collector.githubapp.com collector.github.com github-cloud.s3.amazonaws.com secured-user-images.githubusercontent.com/ *.githubusercontent.com; manifest-src 'self'; media-src github.com user-images.githubusercontent.com/; script-src github.githubassets.com; style-src 'unsafe-inline' github.githubassets.com; worker-src github.com/assets-cdn/worker/ gist.github.com/assets-cdn/worker/","x-github-request-id":"1754:55A4:66FE20:7C9AF4:6241D542"}
[debug] [2022-03-28T15:33:21.965Z] >>> [apiv2][query] GET https://api.github.com/user [none]
[debug] [2022-03-28T15:33:22.602Z] <<< [apiv2][status] GET https://api.github.com/user 200
[debug] [2022-03-28T15:33:22.603Z] <<< [apiv2][body] GET https://api.github.com/user {"login":"Anjaan-g","id":29296065,"node_id":"MDQ6VXNlcjI5Mjk2MDY1","avatar_url":"https://avatars.githubusercontent.com/u/29296065?v=4","gravatar_id":"","url":"https://api.github.com/users/Anjaan-g","html_url":"https://github.com/Anjaan-g","followers_url":"https://api.github.com/users/Anjaan-g/followers","following_url":"https://api.github.com/users/Anjaan-g/following{/other_user}","gists_url":"https://api.github.com/users/Anjaan-g/gists{/gist_id}","starred_url":"https://api.github.com/users/Anjaan-g/starred{/owner}{/repo}","subscriptions_url":"https://api.github.com/users/Anjaan-g/subscriptions","organizations_url":"https://api.github.com/users/Anjaan-g/orgs","repos_url":"https://api.github.com/users/Anjaan-g/repos","events_url":"https://api.github.com/users/Anjaan-g/events{/privacy}","received_events_url":"https://api.github.com/users/Anjaan-g/received_events","type":"User","site_admin":false,"name":"Anjaan Gaire","company":"ShareBigya","blog":"www.sagargaire.com.np","location":"Nepal","email":"anjaangaire@gmail.com","hireable":true,"bio":null,"twitter_username":"RealAnjaan","public_repos":26,"public_gists":3,"followers":30,"following":44,"created_at":"2017-06-09T03:13:52Z","updated_at":"2022-02-26T15:23:36Z","private_gists":0,"total_private_repos":10,"owned_private_repos":10,"disk_usage":352387,"collaborators":5,"two_factor_authentication":false,"plan":{"name":"free","space":976562499,"collaborators":0,"private_repos":10000}}
[info] 
[info] ✔  Success! Logged into GitHub as Anjaan-g 
[info] 
[debug] [2022-03-28T15:33:48.750Z] >>> [apiv2][query] GET https://api.github.com/repos//actions/secrets/public-key type=owner
[debug] [2022-03-28T15:33:49.304Z] <<< [apiv2][status] GET https://api.github.com/repos//actions/secrets/public-key 404
[debug] [2022-03-28T15:33:49.304Z] <<< [apiv2][body] GET https://api.github.com/repos//actions/secrets/public-key {"message":"Not Found","documentation_url":"https://docs.github.com/rest"}
